Nov 19, 2012 11:28:57 PM org.apache.catalina.core.AprLifecycleListener init
INFO: The APR based Apache Tomcat Native library which allows optimal performance in production environments was not found on the java.library.path: /usr/lib/jvm/java-6-openjdk/jre/lib/amd64/server:/usr/lib/jvm/java-6-openjdk/jre/lib/amd64:/usr/lib/jvm/java-6-openjdk/jre/../lib/amd64:/usr/java/packages/lib/amd64:/usr/lib/jni:/lib:/usr/lib
Nov 19, 2012 11:28:58 PM org.apache.coyote.AbstractProtocol init
INFO: Initializing ProtocolHandler ["http-bio-8080"]
Nov 19, 2012 11:28:58 PM org.apache.catalina.startup.Catalina load
INFO: Initialization processed in 1620 ms
Nov 19, 2012 11:28:58 PM org.apache.catalina.core.StandardService startInternal
INFO: Starting service Catalina
Nov 19, 2012 11:28:58 PM org.apache.catalina.core.StandardEngine startInternal
INFO: Starting Servlet Engine: Apache Tomcat/7.0.32
Nov 19, 2012 11:28:58 PM org.apache.catalina.startup.HostConfig deployDirectory
INFO: Deploying web application directory /opt/apache-tomcat-7.0.32/webapps/ROOT
Nov 19, 2012 11:29:03 PM org.apache.coyote.AbstractProtocol start
INFO: Starting ProtocolHandler ["http-bio-8080"]
Nov 19, 2012 11:29:03 PM org.apache.catalina.startup.Catalina start
INFO: Server startup in 5858 ms
Nov 19, 2012 11:30:06 PM org.apache.coyote.AbstractProtocol pause
INFO: Pausing ProtocolHandler ["http-bio-8080"]
Nov 19, 2012 11:30:06 PM org.apache.catalina.core.StandardService stopInternal
INFO: Stopping service Catalina
Nov 19, 2012 11:30:06 PM org.apache.catalina.core.StandardWrapper unload
INFO: Waiting for 1 instance(s) to be deallocated
Nov 19, 2012 11:30:07 PM org.apache.catalina.core.StandardWrapper unload
INFO: Waiting for 1 instance(s) to be deallocated
Nov 19, 2012 11:30:08 PM org.apache.catalina.core.StandardWrapper unload
INFO: Waiting for 1 instance(s) to be deallocated
Nov 19, 2012 11:30:08 PM org.apache.catalina.loader.WebappClassLoader clearReferencesJdbc
SEVERE: The web application [] registered the JDBC driver [com.mysql.jdbc.Driver] but failed to unregister it when the web application was stopped. To prevent a memory leak, the JDBC Driver has been forcibly unregistered.
Nov 19, 2012 11:30:08 PM org.apache.catalina.loader.WebappClassLoader clearReferencesThreads
SEVERE: The web application [] appears to have started a thread named [Thread-2] but has failed to stop it. This is very likely to create a memory leak.
Nov 19, 2012 11:30:08 PM org.apache.catalina.loader.WebappClassLoader clearReferencesThreads
SEVERE: The web application [] appears to have started a thread named [RedeployManager] but has failed to stop it. This is very likely to create a memory leak.
Nov 19, 2012 11:30:08 PM org.apache.catalina.loader.WebappClassLoader clearReferencesThreads
SEVERE: The web application [] is still processing a request that has yet to finish. This is very likely to create a memory leak. You can control the time allowed for requests to finish by using the unloadDelay attribute of the standard Context implementation.
Nov 19, 2012 11:30:08 PM org.apache.catalina.loader.WebappClassLoader clearReferencesThreads
SEVERE: The web application [] appears to have started a thread named [Timer-0] but has failed to stop it. This is very likely to create a memory leak.
Nov 19, 2012 11:30:08 PM org.apache.catalina.loader.WebappClassLoader clearReferencesThreads
SEVERE: The web application [] appears to have started a thread named [com.mchange.v2.async.ThreadPoolAsynchronousRunner$PoolThread-#0] but has failed to stop it. This is very likely to create a memory leak.
Nov 19, 2012 11:30:08 PM org.apache.catalina.loader.WebappClassLoader clearReferencesThreads
SEVERE: The web application [] appears to have started a thread named [com.mchange.v2.async.ThreadPoolAsynchronousRunner$PoolThread-#1] but has failed to stop it. This is very likely to create a memory leak.
Nov 19, 2012 11:30:08 PM org.apache.catalina.loader.WebappClassLoader clearReferencesThreads
SEVERE: The web application [] appears to have started a thread named [com.mchange.v2.async.ThreadPoolAsynchronousRunner$PoolThread-#2] but has failed to stop it. This is very likely to create a memory leak.
Nov 19, 2012 11:30:08 PM org.apache.catalina.loader.WebappClassLoader clearReferencesThreads
SEVERE: The web application [] appears to have started a thread named [MySQL Statement Cancellation Timer] but has failed to stop it. This is very likely to create a memory leak.
Nov 19, 2012 11:30:08 PM org.apache.catalina.loader.WebappClassLoader clearReferencesThreads
SEVERE: The web application [] appears to have started a thread named [com.mchange.v2.async.ThreadPoolAsynchronousRunner$PoolThread-#0] but has failed to stop it. This is very likely to create a memory leak.
Nov 19, 2012 11:30:08 PM org.apache.catalina.loader.WebappClassLoader clearReferencesThreads
SEVERE: The web application [] appears to have started a thread named [com.mchange.v2.async.ThreadPoolAsynchronousRunner$PoolThread-#1] but has failed to stop it. This is very likely to create a memory leak.
Nov 19, 2012 11:30:08 PM org.apache.catalina.loader.WebappClassLoader clearReferencesThreads
SEVERE: The web application [] appears to have started a thread named [com.mchange.v2.async.ThreadPoolAsynchronousRunner$PoolThread-#2] but has failed to stop it. This is very likely to create a memory leak.
Nov 19, 2012 11:30:08 PM org.apache.catalina.loader.WebappClassLoader clearReferencesThreads
SEVERE: The web application [] appears to have started a thread named [Dispatch-Thread-for-com.mchange.v2.async.ThreadPerTaskAsynchronousRunner@642ddc4c] but has failed to stop it. This is very likely to create a memory leak.
Nov 19, 2012 11:30:08 PM org.apache.catalina.loader.WebappClassLoader clearReferencesThreads
SEVERE: The web application [] appears to have started a thread named [Task-Thread-for-com.mchange.v2.async.ThreadPerTaskAsynchronousRunner@642ddc4c] but has failed to stop it. This is very likely to create a memory leak.
Nov 19, 2012 11:30:08 PM org.apache.catalina.loader.WebappClassLoader clearReferencesThreads
SEVERE: The web application [] appears to have started a thread named [Task-Thread-for-com.mchange.v2.async.ThreadPerTaskAsynchronousRunner@642ddc4c] but has failed to stop it. This is very likely to create a memory leak.
Nov 19, 2012 11:30:08 PM org.apache.catalina.loader.WebappClassLoader clearReferencesThreads
SEVERE: The web application [] appears to have started a thread named [Task-Thread-for-com.mchange.v2.async.ThreadPerTaskAsynchronousRunner@642ddc4c] but has failed to stop it. This is very likely to create a memory leak.
Nov 19, 2012 11:30:08 PM org.apache.catalina.loader.WebappClassLoader clearReferencesThreads
SEVERE: The web application [] appears to have started a thread named [Task-Thread-for-com.mchange.v2.async.ThreadPerTaskAsynchronousRunner@642ddc4c] but has failed to stop it. This is very likely to create a memory leak.
Nov 19, 2012 11:30:08 PM org.apache.catalina.loader.WebappClassLoader clearReferencesThreads
SEVERE: The web application [] appears to have started a thread named [Task-Thread-for-com.mchange.v2.async.ThreadPerTaskAsynchronousRunner@642ddc4c] but has failed to stop it. This is very likely to create a memory leak.
Nov 19, 2012 11:30:08 PM org.apache.catalina.loader.WebappClassLoader clearReferencesThreads
SEVERE: The web application [] appears to have started a thread named [Task-Thread-for-com.mchange.v2.async.ThreadPerTaskAsynchronousRunner@642ddc4c] but has failed to stop it. This is very likely to create a memory leak.
Nov 19, 2012 11:30:08 PM org.apache.catalina.loader.WebappClassLoader clearReferencesThreads
SEVERE: The web application [] appears to have started a thread named [Task-Thread-for-com.mchange.v2.async.ThreadPerTaskAsynchronousRunner@642ddc4c] but has failed to stop it. This is very likely to create a memory leak.
Nov 19, 2012 11:30:08 PM org.apache.catalina.loader.WebappClassLoader clearReferencesThreads
SEVERE: The web application [] appears to have started a thread named [Task-Thread-for-com.mchange.v2.async.ThreadPerTaskAsynchronousRunner@642ddc4c] but has failed to stop it. This is very likely to create a memory leak.
Nov 19, 2012 11:30:08 PM org.apache.catalina.loader.WebappClassLoader clearReferencesThreads
SEVERE: The web application [] appears to have started a thread named [Task-Thread-for-com.mchange.v2.async.ThreadPerTaskAsynchronousRunner@642ddc4c] but has failed to stop it. This is very likely to create a memory leak.
Nov 19, 2012 11:30:08 PM org.apache.catalina.loader.WebappClassLoader clearReferencesThreads
SEVERE: The web application [] appears to have started a thread named [Task-Thread-for-com.mchange.v2.async.ThreadPerTaskAsynchronousRunner@642ddc4c] but has failed to stop it. This is very likely to create a memory leak.
Nov 19, 2012 11:30:08 PM org.apache.catalina.loader.WebappClassLoader checkThreadLocalMapForLeaks
SEVERE: The web application [] created a ThreadLocal with key of type [java.lang.ThreadLocal] (value [java.lang.ThreadLocal@1555bd22]) and a value of type [org.codehaus.xfire.MessageContext] (value [org.codehaus.xfire.MessageContext@2ff40e1f]) but failed to remove it when the web application was stopped. Threads are going to be renewed over time to try and avoid a probable memory leak.
Nov 19, 2012 11:30:08 PM org.apache.catalina.loader.WebappClassLoader checkThreadLocalMapForLeaks
SEVERE: The web application [] created a ThreadLocal with key of type [java.lang.ThreadLocal] (value [java.lang.ThreadLocal@3fcb2dd1]) and a value of type [org.codehaus.xfire.service.Service] (value [org.codehaus.xfire.service.Service@342d150f]) but failed to remove it when the web application was stopped. Threads are going to be renewed over time to try and avoid a probable memory leak.
Nov 19, 2012 11:30:08 PM org.apache.coyote.AbstractProtocol stop
INFO: Stopping ProtocolHandler ["http-bio-8080"]
Nov 19, 2012 11:30:08 PM org.apache.catalina.loader.WebappClassLoader loadClass
INFO: Illegal access: this web application instance has been stopped already.  Could not load org.apache.log4j.spi.ThrowableInformation.  The eventual following stack trace is caused by an error thrown for debugging purposes as well as to attempt to terminate the thread which caused the illegal access, and has no functional impact.
java.lang.IllegalStateException
	at org.apache.catalina.loader.WebappClassLoader.loadClass(WebappClassLoader.java:1600)
	at org.apache.catalina.loader.WebappClassLoader.loadClass(WebappClassLoader.java:1559)
	at org.apache.log4j.spi.LoggingEvent.<init>(LoggingEvent.java:154)
	at org.apache.log4j.Category.forcedLog(Category.java:388)
	at org.apache.log4j.Category.log(Category.java:853)
	at com.mchange.v2.log.log4j.Log4jMLog$Log4jMLogger.log(Log4jMLog.java:161)
	at com.mchange.v2.log.log4j.Log4jMLog$Log4jMLogger.log(Log4jMLog.java:173)
	at com.mchange.v2.resourcepool.BasicResourcePool.prelimCheckoutResource(BasicResourcePool.java:629)
	at com.mchange.v2.resourcepool.BasicResourcePool.checkoutResource(BasicResourcePool.java:477)
	at com.mchange.v2.c3p0.impl.C3P0PooledConnectionPool.checkoutPooledConnection(C3P0PooledConnectionPool.java:525)
	at com.mchange.v2.c3p0.impl.AbstractPoolBackedDataSource.getConnection(AbstractPoolBackedDataSource.java:128)
	at org.hibernate.connection.C3P0ConnectionProvider.getConnection(C3P0ConnectionProvider.java:56)
	at org.hibernate.cfg.SettingsFactory.buildSettings(SettingsFactory.java:84)
	at org.hibernate.cfg.Configuration.buildSettings(Configuration.java:2009)
	at org.hibernate.cfg.Configuration.buildSessionFactory(Configuration.java:1292)
	at com.adobe.qms.dao.HibernateSessionFactory.<clinit>(HibernateSessionFactory.java:31)
	at com.adobe.qms.dao.BaseHibernateDAO.getSession(BaseHibernateDAO.java:13)
	at com.adobe.qms.dao.UserDAO.findById(UserDAO.java:53)
	at com.adobe.qms.webservice.QMSServiceImpl.login(QMSServiceImpl.java:1350)
	at sun.reflect.NativeMethodAccessorImpl.invoke0(Native Method)
	at sun.reflect.NativeMethodAccessorImpl.invoke(NativeMethodAccessorImpl.java:57)
	at sun.reflect.DelegatingMethodAccessorImpl.invoke(DelegatingMethodAccessorImpl.java:43)
	at java.lang.reflect.Method.invoke(Method.java:616)
	at org.codehaus.xfire.service.invoker.AbstractInvoker.invoke(AbstractInvoker.java:59)
	at org.codehaus.xfire.service.invoker.ObjectInvoker.invoke(ObjectInvoker.java:45)
	at org.codehaus.xfire.service.binding.ServiceInvocationHandler.sendMessage(ServiceInvocationHandler.java:320)
	at org.codehaus.xfire.service.binding.ServiceInvocationHandler$1.run(ServiceInvocationHandler.java:86)
	at org.codehaus.xfire.service.binding.ServiceInvocationHandler.execute(ServiceInvocationHandler.java:134)
	at org.codehaus.xfire.service.binding.ServiceInvocationHandler.invoke(ServiceInvocationHandler.java:109)
	at org.codehaus.xfire.handler.HandlerPipeline.invoke(HandlerPipeline.java:131)
	at org.codehaus.xfire.transport.DefaultEndpoint.onReceive(DefaultEndpoint.java:64)
	at org.codehaus.xfire.transport.AbstractChannel.receive(AbstractChannel.java:38)
	at org.codehaus.xfire.transport.http.XFireServletController.invoke(XFireServletController.java:304)
	at org.codehaus.xfire.transport.http.XFireServletController.doService(XFireServletController.java:129)
	at org.codehaus.xfire.transport.http.XFireServlet.doPost(XFireServlet.java:116)
	at javax.servlet.http.HttpServlet.service(HttpServlet.java:641)
	at javax.servlet.http.HttpServlet.service(HttpServlet.java:722)
	at org.apache.catalina.core.ApplicationFilterChain.internalDoFilter(ApplicationFilterChain.java:305)
	at org.apache.catalina.core.ApplicationFilterChain.doFilter(ApplicationFilterChain.java:210)
	at org.apache.catalina.core.StandardWrapperValve.invoke(StandardWrapperValve.java:222)
	at org.apache.catalina.core.StandardContextValve.invoke(StandardContextValve.java:123)
	at org.apache.catalina.authenticator.AuthenticatorBase.invoke(AuthenticatorBase.java:472)
	at org.apache.catalina.core.StandardHostValve.invoke(StandardHostValve.java:168)
	at org.apache.catalina.valves.ErrorReportValve.invoke(ErrorReportValve.java:99)
	at org.apache.catalina.valves.AccessLogValve.invoke(AccessLogValve.java:929)
	at org.apache.catalina.core.StandardEngineValve.invoke(StandardEngineValve.java:118)
	at org.apache.catalina.connector.CoyoteAdapter.service(CoyoteAdapter.java:407)
	at org.apache.coyote.http11.AbstractHttp11Processor.process(AbstractHttp11Processor.java:1002)
	at org.apache.coyote.AbstractProtocol$AbstractConnectionHandler.process(AbstractProtocol.java:585)
	at org.apache.tomcat.util.net.JIoEndpoint$SocketProcessor.run(JIoEndpoint.java:312)
	at java.util.concurrent.ThreadPoolExecutor.runWorker(ThreadPoolExecutor.java:1110)
	at java.util.concurrent.ThreadPoolExecutor$Worker.run(ThreadPoolExecutor.java:603)
	at java.lang.Thread.run(Thread.java:636)
Nov 19, 2012 11:30:08 PM org.apache.coyote.AbstractProtocol destroy
INFO: Destroying ProtocolHandler ["http-bio-8080"]
Nov 19, 2012 11:30:08 PM org.apache.catalina.loader.WebappClassLoader loadClass
INFO: Illegal access: this web application instance has been stopped already.  Could not load org.codehaus.xfire.util.ServiceUtils.  The eventual following stack trace is caused by an error thrown for debugging purposes as well as to attempt to terminate the thread which caused the illegal access, and has no functional impact.
java.lang.IllegalStateException
	at org.apache.catalina.loader.WebappClassLoader.loadClass(WebappClassLoader.java:1600)
	at org.apache.catalina.loader.WebappClassLoader.loadClass(WebappClassLoader.java:1559)
	at org.codehaus.xfire.service.invoker.AbstractInvoker.invoke(AbstractInvoker.java:87)
	at org.codehaus.xfire.service.invoker.ObjectInvoker.invoke(ObjectInvoker.java:45)
	at org.codehaus.xfire.service.binding.ServiceInvocationHandler.sendMessage(ServiceInvocationHandler.java:320)
	at org.codehaus.xfire.service.binding.ServiceInvocationHandler$1.run(ServiceInvocationHandler.java:86)
	at org.codehaus.xfire.service.binding.ServiceInvocationHandler.execute(ServiceInvocationHandler.java:134)
	at org.codehaus.xfire.service.binding.ServiceInvocationHandler.invoke(ServiceInvocationHandler.java:109)
	at org.codehaus.xfire.handler.HandlerPipeline.invoke(HandlerPipeline.java:131)
	at org.codehaus.xfire.transport.DefaultEndpoint.onReceive(DefaultEndpoint.java:64)
	at org.codehaus.xfire.transport.AbstractChannel.receive(AbstractChannel.java:38)
	at org.codehaus.xfire.transport.http.XFireServletController.invoke(XFireServletController.java:304)
	at org.codehaus.xfire.transport.http.XFireServletController.doService(XFireServletController.java:129)
	at org.codehaus.xfire.transport.http.XFireServlet.doPost(XFireServlet.java:116)
	at javax.servlet.http.HttpServlet.service(HttpServlet.java:641)
	at javax.servlet.http.HttpServlet.service(HttpServlet.java:722)
	at org.apache.catalina.core.ApplicationFilterChain.internalDoFilter(ApplicationFilterChain.java:305)
	at org.apache.catalina.core.ApplicationFilterChain.doFilter(ApplicationFilterChain.java:210)
	at org.apache.catalina.core.StandardWrapperValve.invoke(StandardWrapperValve.java:222)
	at org.apache.catalina.core.StandardContextValve.invoke(StandardContextValve.java:123)
	at org.apache.catalina.authenticator.AuthenticatorBase.invoke(AuthenticatorBase.java:472)
	at org.apache.catalina.core.StandardHostValve.invoke(StandardHostValve.java:168)
	at org.apache.catalina.valves.ErrorReportValve.invoke(ErrorReportValve.java:99)
	at org.apache.catalina.valves.AccessLogValve.invoke(AccessLogValve.java:929)
	at org.apache.catalina.core.StandardEngineValve.invoke(StandardEngineValve.java:118)
	at org.apache.catalina.connector.CoyoteAdapter.service(CoyoteAdapter.java:407)
	at org.apache.coyote.http11.AbstractHttp11Processor.process(AbstractHttp11Processor.java:1002)
	at org.apache.coyote.AbstractProtocol$AbstractConnectionHandler.process(AbstractProtocol.java:585)
	at org.apache.tomcat.util.net.JIoEndpoint$SocketProcessor.run(JIoEndpoint.java:312)
	at java.util.concurrent.ThreadPoolExecutor.runWorker(ThreadPoolExecutor.java:1110)
	at java.util.concurrent.ThreadPoolExecutor$Worker.run(ThreadPoolExecutor.java:603)
	at java.lang.Thread.run(Thread.java:636)
